<?xml version="1.0" encoding="UTF-8"?>
<testsuite name="fr.esgi.task.TaskManagerTest" tests="4" skipped="0" failures="0" errors="0" timestamp="2023-06-05T18:58:23" hostname="P14" time="0.425">
  <properties/>
  <testcase name="testInit()" classname="fr.esgi.task.TaskManagerTest" time="0.41"/>
  <testcase name="testAdd()" classname="fr.esgi.task.TaskManagerTest" time="0.002"/>
  <testcase name="testSupprime()" classname="fr.esgi.task.TaskManagerTest" time="0.004"/>
  <testcase name="testComplete()" classname="fr.esgi.task.TaskManagerTest" time="0.004"/>
  <system-out><![CDATA[]]></system-out>
  <system-err><![CDATA[]]></system-err>
</testsuite>
